<?xml version="1.0" encoding="UTF-8"?>
<!-- Generated by org.testng.reporters.JUnitXMLReporter -->
<testsuite hostname="LAPTOP-RNC9PO6L" ignored="0" name="flipkart" tests="3" failures="0" timestamp="21 Nov 2019 14:15:35 GMT" time="94.582" errors="0">
  <testcase name="signInTest" time="11.129" classname="com.test.script.FunctionTest"/>
  <testcase name="logInTest" time="6.052" classname="com.test.script.FunctionTest"/>
  <testcase name="checkoutTest" time="22.083" classname="com.test.script.FunctionTest"/>
</testsuite> <!-- flipkart -->
